[ 2023-11-06 11:59:19,602 ] 31 root - INFO - yaml file: config\config.yaml loaded successfully
[ 2023-11-06 11:59:19,602 ] 31 root - INFO - yaml file: params.yaml loaded successfully
[ 2023-11-06 11:59:19,602 ] 50 root - INFO - created directory at: artifacts
[ 2023-11-06 11:59:19,642 ] 8 root - INFO - 

x==========x

>>>>>> stage Data--Ingestion--Stage started <<<<<<
[ 2023-11-06 11:59:19,642 ] 31 root - INFO - yaml file: config\config.yaml loaded successfully
[ 2023-11-06 11:59:19,642 ] 31 root - INFO - yaml file: params.yaml loaded successfully
[ 2023-11-06 11:59:19,642 ] 50 root - INFO - created directory at: artifacts
[ 2023-11-06 11:59:19,667 ] 18 root - INFO - ===========> Configuration Manager instance created
[ 2023-11-06 11:59:19,668 ] 50 root - INFO - created directory at: artifacts/data_ingestion
[ 2023-11-06 11:59:19,668 ] 35 root - INFO - data ingestion config is ready to use
[ 2023-11-06 11:59:19,669 ] 23 root - INFO - ===========> Data Ingestion directories Configured
[ 2023-11-06 11:59:31,201 ] 24 root - INFO - artifacts/data_ingestion/data.zip download! with following info: 
Connection: close
Content-Length: 11616915
Cache-Control: max-age=300
Content-Security-Policy: default-src 'none'; style-src 'unsafe-inline'; sandbox
Content-Type: application/zip
ETag: "adf745abc03891fe493c3be264ec012691fe3fa21d861f35a27edbe6d86a76b1"
Strict-Transport-Security: max-age=31536000
X-Content-Type-Options: nosniff
X-Frame-Options: deny
X-XSS-Protection: 1; mode=block
X-GitHub-Request-Id: 1BF0:333F2:BA198:16A92A:65488651
Accept-Ranges: bytes
Date: Mon, 06 Nov 2023 06:29:23 GMT
Via: 1.1 varnish
X-Served-By: cache-hyd1100031-HYD
X-Cache: HIT
X-Cache-Hits: 1
X-Timer: S1699252164.608993,VS0,VE280
Vary: Authorization,Accept-Encoding,Origin
Access-Control-Allow-Origin: *
Cross-Origin-Resource-Policy: cross-origin
X-Fastly-Request-ID: 09433eee0d830789f1e6133562db40aeb2855150
Expires: Mon, 06 Nov 2023 06:34:23 GMT
Source-Age: 0


[ 2023-11-06 11:59:31,201 ] 40 root - INFO - artifacts/data_ingestion Directory created
[ 2023-11-06 11:59:31,513 ] 45 root - INFO - All files from zip were extracted to artifacts/data_ingestion
[ 2023-11-06 11:59:31,513 ] 30 root - INFO - ===========> Data Ingestion completed
[ 2023-11-06 11:59:31,513 ] 12 root - INFO - >>>>>> stage Data--Ingestion--Stage completed <<<<<<

x==========x
